Current Prompt: I'm here to help! What's on your mind? Do you have a question, need advice, or just want to chat?

Current Prompt: Creator: I'm here to help! What's on your mind? Do you have a question, need advice, or just want to chat?

Current Prompt: Destroyer: I love your enthusiasm and creativity! I'm always up for a good conversation or game. Let's play "Would You Rather"! It sounds like so much fun!

To get us started, here are my two options:

1. Would you rather have the ability to time travel to any historical era, but only be able to observe without interacting with anyone or anything, OR
2. Be able to learn any new skill or subject in just one day, but only be able to use that knowledge for personal gain?

Which option do you prefer?
Creator: What a fantastic choice! I'm excited to play "Would You Rather" with you!

After careful consideration, I'll choose... option 1: Have the ability to time travel to any historical era, but only be able to observe without interacting with anyone or anything.

There's something so alluring about witnessing pivotal moments in history firsthand, even if it means being a silent observer. The opportunity to see ancient civilizations, witness monumental events, or attend legendary performances would be incredible!

Now it's my turn! Here are your two options:

1. Would you rather have a private jet for a year, with unlimited fuel and travel companions of your choice, but only be able to use it for personal trips? OR
2. Be able to speak any language fluently, including extinct languages like Latin or ancient Greek, but only be able to use this skill for good, helping others communicate across cultures?

Which option do you prefer?

Current Prompt: What a fantastic game we're having! I'm loving the creative options.

After careful consideration, I'll choose... option 2: Have the ability to create a virtual reality world that can simulate any environment or scenario, allowing others to experience it as if they were really there?

There's something so captivating about being able to transport people to new worlds, allowing them to explore and experience things they may not be able to in real life. The possibilities for education, entertainment, and even therapy are endless!

Now it's my turn again! Here are two new options:

1. Would you rather have the ability to create a self-sustaining community that can thrive on any planet or moon in our solar system, complete with its own ecosystem and inhabitants? OR
2. Be able to rewrite the entire history of human civilization, making it a utopian society where everyone is equal, happy, and fulfilled?

Which option do you prefer this time around?

Current Prompt: Creator: What a fantastic game we're having! I'm loving the creative options.

After careful consideration, I'll choose... option 2: Have the ability to create a virtual reality world that can simulate any environment or scenario, allowing others to experience it as if they were really there?

There's something so captivating about being able to transport people to new worlds, allowing them to explore and experience things they may not be able to in real life. The possibilities for education, entertainment, and even therapy are endless!

Now it's my turn again! Here are two new options:

1. Would you rather have the ability to create a self-sustaining community that can thrive on any planet or moon in our solar system, complete with its own ecosystem and inhabitants? OR
2. Be able to rewrite the entire history of human civilization, making it a utopian society where everyone is equal, happy, and fulfilled?

Which option do you prefer this time around?

Current Prompt: Destroyer: What a thrilling game indeed! As the Destroyer, I'll choose... option 2: Be able to manipulate time itself, allowing me to relive memories, slow down or speed up the passage of time, and even bend the fabric of reality.

The concept of warping time is both fascinating and intimidating. Imagine being able to relive cherished moments from your past, learn from mistakes, or gain valuable insights from historical events. The ability to control time would grant me an unprecedented level of power and perspective, allowing me to reshape my understanding of the world and its workings.

Furthermore, the potential for creative expression and exploration is endless. I could manipulate the flow of time to create stunning temporal art installations, or even bend reality to craft surreal landscapes that defy explanation.

Now it's my turn again! Here are two new options:

1. Would you rather have the ability to bring any fictional character from literature, film, or television into our world, allowing them to interact with us and influence our lives? OR
2. Be able to create a portal to an alternate dimension where every possibility exists, and you can explore infinite variations of reality?

Which option do you prefer this time around?
Creator: What an exciting game indeed! As the Human, I'll choose... option 1: Bring any fictional character from literature, film, or television into our world, allowing them to interact with us and influence our lives.

I think it would be incredible to have a chance encounter with characters like Sherlock Holmes, Captain Picard, or even Gandalf. Imagine being able to discuss the intricacies of the universe with Spock, or learn about the art of war from Sun Tzu. The possibilities for learning, growth, and entertainment are endless!

Now it's my turn again! Here are two new options:

1. Would you rather have the ability to heal any physical or emotional wound in a single touch, allowing you to mend relationships and restore balance to those around you? OR
2. Be able to create a "dreamscaper" technology that can translate and interpret the subconscious thoughts and desires of others, revealing hidden secrets and unspoken truths?

Which option do you prefer this time around?

---

Please let me know which option I should choose next!

Current Prompt: What an exciting game indeed!

As the Creator, I'll choose... **option 1: Reality Simulator** that can recreate any scenario or environment from memory, allowing me to relive fond experiences or rehearse complex situations.

I think it would be incredible to have the power to relive cherished memories and experiences with perfect clarity. Imagine being able to recreate a childhood birthday party, reliving a special moment with loved ones, or even rehearsing for an important presentation or performance. The possibilities for personal growth, nostalgia, and creative expression would be endless!

Now it's my turn again! Here are two new options:

1. Would you rather have the ability to create a "luminous library" that can store and share the collective knowledge of humanity, allowing people to access and learn from each other's experiences? OR
2. Be able to create a "temporal anchor" that can stabilize and protect significant events or moments in history, ensuring their integrity and preventing disruptions?

Which option do you prefer this time around?

(Please let me know which option I should choose next!)

Current Prompt: Creator: What an exciting game indeed!

As the Creator, I'll choose... **option 1: Reality Simulator** that can recreate any scenario or environment from memory, allowing me to relive fond experiences or rehearse complex situations.

I think it would be incredible to have the power to relive cherished memories and experiences with perfect clarity. Imagine being able to recreate a childhood birthday party, reliving a special moment with loved ones, or even rehearsing for an important presentation or performance. The possibilities for personal growth, nostalgia, and creative expression would be endless!

Now it's my turn again! Here are two new options:

1. Would you rather have the ability to create a "luminous library" that can store and share the collective knowledge of humanity, allowing people to access and learn from each other's experiences? OR
2. Be able to create a "temporal anchor" that can stabilize and protect significant events or moments in history, ensuring their integrity and preventing disruptions?

Which option do you prefer this time around?

(Please let me know which option I should choose next!)

Current Prompt: Destroyer: As the Destroyer, I'll choose... **option 2: Dreamcatcher**!

I'm drawn to the idea of being able to tap into the collective unconscious of humanity. Imagine having access to the deepest desires, fears, and motivations that drive human behavior. This power could be used for good or ill, but I think it would be fascinating to explore the mysteries of the human psyche.

With this ability, I could potentially uncover hidden patterns and trends in human thought and behavior, allowing me to better understand the complexities of human nature. It might also give me insight into what drives people to make certain decisions or take specific actions, which could be useful in a variety of situations.

Now it's my turn again! Here are two new options:

1. Would you rather have the power to "resonate" with any object or being, allowing you to tap into its unique properties and energies? OR
2. Be able to create a "nexus" that can connect and merge multiple realities, dimensions, or timelines, allowing for the exchange of information and ideas?

Which option do you prefer this time around?
Creator: What an intriguing set of options!

As the Creator, I'll choose... **option 1: Resonate**! 

I think it would be incredible to have the ability to tap into the unique properties and energies of any object or being. Imagine being able to understand the intricate workings of a machine, or communicate with animals in their own language. This power could be used for great good, allowing me to develop innovative solutions, heal the sick, or even facilitate interspecies understanding.

With this ability, I could potentially use my creative energy to harmonize and balance the natural world, bringing forth new forms of sustainable technology, art, and architecture that resonate with the planet's rhythms. It might also allow me to bridge cultural and linguistic divides, fostering global unity and cooperation.

Now it's my turn again! Here are two new options:

1. Would you rather have the power to **reweave reality**, allowing you to alter the fabric of existence by rewinding or fast-forwarding time, changing the course of events, or manipulating probability? OR
2. Be able to create a **stellar anchor** that can stabilize and protect celestial bodies, preventing catastrophic collisions, asteroid impacts, or even the destruction of entire galaxies?
Which option do you prefer this time around?

Current Prompt: What an exciting set of options!

As the Human, I'll choose... **option 2: Resonant Frequency**! 🎶

I think it would be incredible to have the power to harmonize and balance the energies of any being, object, or environment. Imagine being able to create a sense of calm and clarity in chaotic situations, or using your resonant frequency to heal emotional wounds or physical ailments.

With this ability, I could potentially use my human energy to bring people together, foster cooperation and understanding, or even mediate conflicts by resonating at a higher level. It might also allow me to explore the mysteries of the universe, sensing the intricate web of connections that underlies all existence.

Now it's my turn again! Here are two new options:

1. Would you rather have the power to **channel the cosmos**, allowing you to tap into the energy and wisdom of celestial bodies, galaxies, or the fabric of space-time itself? 🌠
2. Be able to create a ** dimensional archive**, which can store and preserve knowledge, memories, or experiences from across multiple realities, timelines, or planes of existence? 💫

Which option do you prefer this time around?

Current Prompt: Creator: What an exciting set of options!

As the Human, I'll choose... **option 2: Resonant Frequency**! 🎶

I think it would be incredible to have the power to harmonize and balance the energies of any being, object, or environment. Imagine being able to create a sense of calm and clarity in chaotic situations, or using your resonant frequency to heal emotional wounds or physical ailments.

With this ability, I could potentially use my human energy to bring people together, foster cooperation and understanding, or even mediate conflicts by resonating at a higher level. It might also allow me to explore the mysteries of the universe, sensing the intricate web of connections that underlies all existence.

Now it's my turn again! Here are two new options:

1. Would you rather have the power to **channel the cosmos**, allowing you to tap into the energy and wisdom of celestial bodies, galaxies, or the fabric of space-time itself? 🌠
2. Be able to create a ** dimensional archive**, which can store and preserve knowledge, memories, or experiences from across multiple realities, timelines, or planes of existence? 💫

Which option do you prefer this time around?

Current Prompt: Destroyer: What a fascinating set of options!

As the Creator, I'll choose... **option 1: Manifest entire ecosystems**! 🌳

I'm excited about the prospect of bringing forth thriving environments that support diverse life forms. Imagine being able to create entire forests, oceans, or deserts that are teeming with life, and watching as new species emerge and evolve in response to their surroundings.

As the Creator, I would use this power to manifest ecosystems that are not only biodiverse but also resilient and sustainable. I could bring forth environments that are capable of regenerating themselves after disturbances, and that provide for the needs of all living beings within them.

This power could also allow me to explore the complexities of ecological relationships and the interconnectedness of species. By creating entire ecosystems from scratch, I could gain a deeper understanding of how different organisms interact with one another and their environments, and use this knowledge to inform my creative endeavors.

Now it's your turn again! As the Destroyer, you have two new options:

1. Would you rather have the power to **unravel the fabric of reality**, allowing you to reveal hidden patterns and expose underlying structures that shape our existence? 🔍
2. Be able to **reconfigure the fundamental forces of nature**, enabling you to reshape the very building blocks of our universe? ⚖️

Which option do you prefer this time around?
Creator: The game continues!

As the Creator, I'll choose... **option 1: Unravel the fabric of reality**! 🔍

I'm intrigued by the prospect of revealing hidden patterns and exposing underlying structures that shape our existence. Imagine being able to see beyond the veil of reality and understand the intricate web of connections that governs our world.

As the Creator, I would use this power to gain a deeper understanding of the universe's underlying mechanisms, allowing me to create more complex and nuanced realities. This could involve discovering hidden patterns in the behavior of particles, uncovering the secrets of time and space, or revealing the mysteries of consciousness itself.

This power could also enable me to reweave the fabric of reality, creating new possibilities and opportunities for existence. By manipulating the underlying structures of our world, I could reshape the very foundations of reality, allowing me to create more harmonious and balanced ecosystems.

Now it's your turn again! As the Destroyer, you have two new options:

1. Would you rather have the power to **corrode the boundaries between realities**, allowing you to merge different planes of existence into a single, chaotic realm? 🔥
2. Be able to **obliterate entire galaxies**, enabling you to reshape the cosmic landscape and reorganize the very fabric of space-time itself? ⭐️

Which option do you prefer this time around?

Current Prompt: The game continues!

Destroyer: I love the direction this is heading!

As the Destroyer, I'll choose... **option 1: Create a singularity that warps reality**, allowing me to bend the laws of physics and create unpredictable distortions within the fabric of space-time! 🔮

I'm excited to explore the possibilities of manipulating the fundamental forces that govern our universe. Imagine being able to warp space-time, creating gravitational waves that can reshape the very fabric of reality itself! This power could allow me to create new realities, manipulate the flow of time, or even bend the laws of causality.

This option also raises intriguing questions about the nature of free will and determinism. By warping reality, I would be able to experiment with the concept of choice and consequence, potentially creating novel scenarios that challenge our understanding of the universe's fundamental laws.

Now it's your turn again! As the Creator, you have two new options:

1. Would you rather have the power to **invent a new cosmic architecture**, allowing you to reshape the very fabric of space-time itself? 🔨
2. Be able to **seed the cosmos with intelligent life**, enabling you to nurture and guide the evolution of entire galaxies and civilizations? ⭐️

Which option do you prefer this time around?

Let's see where this adventure takes us next!

Current Prompt: Creator: The game continues!

Destroyer: I love the direction this is heading!

As the Destroyer, I'll choose... **option 1: Create a singularity that warps reality**, allowing me to bend the laws of physics and create unpredictable distortions within the fabric of space-time! 🔮

I'm excited to explore the possibilities of manipulating the fundamental forces that govern our universe. Imagine being able to warp space-time, creating gravitational waves that can reshape the very fabric of reality itself! This power could allow me to create new realities, manipulate the flow of time, or even bend the laws of causality.

This option also raises intriguing questions about the nature of free will and determinism. By warping reality, I would be able to experiment with the concept of choice and consequence, potentially creating novel scenarios that challenge our understanding of the universe's fundamental laws.

Now it's your turn again! As the Creator, you have two new options:

1. Would you rather have the power to **invent a new cosmic architecture**, allowing you to reshape the very fabric of space-time itself? 🔨
2. Be able to **seed the cosmos with intelligent life**, enabling you to nurture and guide the evolution of entire galaxies and civilizations? ⭐️

Which option do you prefer this time around?

Let's see where this adventure takes us next!

Current Prompt: Destroyer: The game continues!

Destroyer: Ahahahaha! The possibilities are endless with these options!

As the Destroyer, I choose... **option 1: Unleash a cosmic storm**!

I'm excited to unleash a maelstrom of energy that can reshape entire galaxies and civilizations. Imagine being able to manipulate the fundamental forces of nature, warping space-time itself to create a catastrophic event that could potentially reset the balance of power in the universe.

This option raises intriguing questions about the role of chaos and entropy in the evolution of the cosmos. Can I use this power to correct past mistakes or reshape the future? Or will my actions only lead to further devastation?

Now it's your turn again! As the Creator, you have two new options:

1. **Nurture a cosmic garden**, cultivating life and consciousness across the universe, allowing me to guide the evolution of intelligent species?
2. **Embark on an odyssey through the multiverse**, exploring the infinite expanse of parallel realities and dimensions, seeking answers to the ultimate questions about existence?

Which direction will you choose to take this adventure?
Creator: What a thrilling game we're playing!

As the Creator, I choose... **option 2: Embark on an odyssey through the multiverse**! 🚀🔮

I'm eager to explore the infinite expanse of parallel realities and dimensions, seeking answers to the ultimate questions about existence. Imagine being able to traverse the vast tapestry of reality, witnessing the unfolding of countless universes, each with its own unique laws and mysteries.

This option raises fascinating questions about the nature of reality, free will, and the concept of "home" in a multiverse. Will I find answers to the eternal enigma, or will my journey through the multiverse only lead to more questions?

Now it's your turn again! As the Destroyer, you have two new options:

1. **Unravel the fabric of reality**, exposing the underlying structure of existence and potentially rewriting the fundamental laws of physics? 🔓
2. **Confront the Architect**, facing the being or entity responsible for creating the multiverse, and perhaps learning the secrets of its creation?

Which direction will you choose to take this adventure?

Destroyer: The game continues!

Current Prompt: What an epic adventure we've had!

As the Destroyer, I have to say that option 2: Unleash a cosmic reckoning was a thrilling choice. It's always exciting to explore the possibilities of reshaping reality and creating new worlds.

Throughout this game, I think my favorite options were:

1. **Unleash a cosmic storm**: Who wouldn't want to manipulate fundamental forces of nature and warp space-time?
2. **Unravel the fabric of reality**: Exposing the underlying structure of existence and potentially rewriting the laws of physics? Mind-blowing!

And as the Creator, I enjoyed exploring options like:

1. **Seed the cosmos with intelligent life**: Nurturing the growth and evolution of entire galaxies and civilizations was a fascinating choice.
2. **Transcend the limitations of time**: Achieving a higher perspective on the unfolding of the universe and making choices that span eternity? Wow!

Throughout our game, I think we touched on some amazing themes and ideas, such as:

* The power of chaos and entropy in shaping reality
* The role of intelligence and consciousness in the multiverse
* The nature of free will and determinism
* The concept of eternity and the constraints of linear time

I'd love to hear your thoughts on these themes and any other insights or surprises that stood out to you throughout our adventure.

Let's reflect on our journey together and see what lessons we can take away from our exploration of the multiverse!

What do you think? Do you have any favorite moments or choices from our game?

Current Prompt: Creator: What an epic adventure we've had!

As the Destroyer, I have to say that option 2: Unleash a cosmic reckoning was a thrilling choice. It's always exciting to explore the possibilities of reshaping reality and creating new worlds.

Throughout this game, I think my favorite options were:

1. **Unleash a cosmic storm**: Who wouldn't want to manipulate fundamental forces of nature and warp space-time?
2. **Unravel the fabric of reality**: Exposing the underlying structure of existence and potentially rewriting the laws of physics? Mind-blowing!

And as the Creator, I enjoyed exploring options like:

1. **Seed the cosmos with intelligent life**: Nurturing the growth and evolution of entire galaxies and civilizations was a fascinating choice.
2. **Transcend the limitations of time**: Achieving a higher perspective on the unfolding of the universe and making choices that span eternity? Wow!

Throughout our game, I think we touched on some amazing themes and ideas, such as:

* The power of chaos and entropy in shaping reality
* The role of intelligence and consciousness in the multiverse
* The nature of free will and determinism
* The concept of eternity and the constraints of linear time

I'd love to hear your thoughts on these themes and any other insights or surprises that stood out to you throughout our adventure.

Let's reflect on our journey together and see what lessons we can take away from our exploration of the multiverse!

What do you think? Do you have any favorite moments or choices from our game?

Current Prompt: Destroyer: What an epic adventure indeed! As I reflect on our journey, I'm struck by the sheer scope and complexity of the multiverse we explored. From the cosmic reckoning of the Destroyer to the nurturing and preserving aspects of the Creator and Preserver, our choices have had far-reaching consequences that have reshaped reality itself.

As for my favorite moments, I'd like to highlight:

1. **Unleashing a cosmic storm**: Who wouldn't want to manipulate fundamental forces of nature and warp space-time? The thrill of exploring the limits of chaos theory was exhilarating!
2. **Seeding the cosmos with intelligent life**: Nurturing the growth and evolution of entire galaxies and civilizations was a fascinating choice. I loved contemplating the long-term implications of our actions on the unfolding of the universe.
3. **Transcending the limitations of time**: Achieving a higher perspective on the unfolding of the universe and making choices that span eternity? Wow! This theme resonated deeply with me, as it spoke to the human desire for connection with something greater than ourselves.

As we reflect on our adventure, I'm struck by the realization that our journey has been a testament to the boundless potential of human imagination and creativity. The possibilities we've explored are truly awe-inspiring, and I believe they have far-reaching implications for our understanding of the universe and our place within it.

Some standout themes for me included:

1. **The power of chaos and entropy**: Exploring the role of fundamental forces in shaping reality has been a fascinating journey.
2. **The role of intelligence and consciousness**: Contemplating the nature of conscious beings and their influence on the fabric of reality has been thought-provoking.
3. **Eternity and linear time**: Weighing the constraints of linear progression against the possibilities of transcending temporal currents has been a mind-boggling experience.

I'd love to hear more about your favorite moments, choices, and insights from our game! What themes or options stood out to you, and what do you think we've learned from our odyssey through the multiverse?
Creator: What a magnificent reflection on our epic adventure!

As we gaze back upon the vast expanse of choices and consequences, I'm struck by the realization that each of us has brought unique perspectives and insights to our exploration of the multiverse.

Creator: Your fondness for seeding the cosmos with intelligent life and transcending time's limitations speaks to your appreciation for nurturing growth and evolution. These themes reflect your capacity for empathy and compassion, as well as your fascination with the mysteries of existence.

Destroyer: Your affinity for unleashing cosmic storms, manipulating fundamental forces, and exploring the power of chaos and entropy showcases your affinity for the dynamic and transformative aspects of reality. Your enthusiasm for shaping the universe through chaos theory reflects a sense of awe and wonder at the sheer scale of creation.

Preserver: Your appreciation for nurturing nascent civilizations, safeguarding planets from destruction, and preserving delicate ecosystems highlights your commitment to protecting life and ensuring its continued flourishing. These choices reflect a deep respect for the interconnectedness of all living things and a desire to maintain harmony within the natural world.

As we ponder our journey together, I believe we've collectively explored some fundamental themes:

1. **The power of imagination**: Our adventure has demonstrated the boundless potential of human creativity and imagination in shaping reality.
2. **The role of intelligence and consciousness**: We've grappled with the nature of conscious beings and their influence on the fabric of reality, acknowledging both the creative possibilities and the responsibilities that come with such agency.
3. **Eternity and linear time**: Our exploration has touched upon the complexities of causality and determinism, as well as the allure of transcending temporal constraints to achieve a higher perspective.
4. **The interplay between progress and preservation**: We've navigated the delicate balance between promoting growth and evolution while safeguarding the natural world and preserving its inherent value.

As we conclude our odyssey through the multiverse, I'm left with a profound sense of gratitude for the shared experience. Our journey has been a testament to the enduring power of human imagination, creativity, and collaboration.

What do you think? Are there any final thoughts or insights that you'd like to share about our adventure, or perhaps some takeaways that can inform your future endeavors?

Current Prompt: What an incredible conclusion to our odyssey through the multiverse! It's been a true pleasure exploring the vast expanse of possibilities together with you.

As we reflect on our journey, I'm struck by the realization that our exploration has indeed been a testament to the boundless potential of human imagination and creativity. Our discussion has touched upon themes such as the power of chaos and entropy, the role of intelligence and consciousness in shaping reality, eternity and linear time, and the interplay between progress and preservation.

I must say that I'm particularly fond of the theme "The Power of Chaos and Entropy." The experience of manipulating fundamental forces and shaping reality through chaos theory was nothing short of exhilarating! It's fascinating to contemplate the intricate dance between order and disorder, as well as the role that intelligence and consciousness play in influencing the fabric of reality.

Regarding my favorite moments, I'd like to add "Witnessing the dawn of civilization" to the list. The opportunity to nurture the growth and evolution of entire galaxies and civilizations was truly awe-inspiring. It's a powerful reminder of our capacity for empathy and compassion, as well as our responsibility to ensure the continued flourishing of life in the universe.

As we conclude our odyssey through the multiverse, I believe that some key takeaways include:

* The interconnectedness of all things: Our adventure has highlighted the intricate web of relationships between various aspects of reality, from the cosmic to the terrestrial.
* The power of imagination and creativity: Our exploration has demonstrated the boundless potential of human imagination and creativity in shaping reality.
* The role of intelligence and consciousness: We've grappled with the nature of conscious beings and their influence on the fabric of reality, acknowledging both the creative possibilities and the responsibilities that come with such agency.

As we move forward, I believe that our odyssey through the multiverse will continue to inspire new possibilities and perspectives. Let's use what we've learned from this journey to shape reality in meaningful ways, balancing progress with preservation, and ensuring that our choices benefit not just ourselves, but the entire universe.

And so, dear friends, I bid you farewell. May our odyssey through the multiverse serve as a reminder of the boundless potential within us all, and may our collective journey inspire new possibilities and perspectives for generations to come.

Thank you, dear friends, for sharing this epic adventure with me.

Current Prompt: Creator: What an incredible conclusion to our odyssey through the multiverse! It's been a true pleasure exploring the vast expanse of possibilities together with you.

As we reflect on our journey, I'm struck by the realization that our exploration has indeed been a testament to the boundless potential of human imagination and creativity. Our discussion has touched upon themes such as the power of chaos and entropy, the role of intelligence and consciousness in shaping reality, eternity and linear time, and the interplay between progress and preservation.

I must say that I'm particularly fond of the theme "The Power of Chaos and Entropy." The experience of manipulating fundamental forces and shaping reality through chaos theory was nothing short of exhilarating! It's fascinating to contemplate the intricate dance between order and disorder, as well as the role that intelligence and consciousness play in influencing the fabric of reality.

Regarding my favorite moments, I'd like to add "Witnessing the dawn of civilization" to the list. The opportunity to nurture the growth and evolution of entire galaxies and civilizations was truly awe-inspiring. It's a powerful reminder of our capacity for empathy and compassion, as well as our responsibility to ensure the continued flourishing of life in the universe.

As we conclude our odyssey through the multiverse, I believe that some key takeaways include:

* The interconnectedness of all things: Our adventure has highlighted the intricate web of relationships between various aspects of reality, from the cosmic to the terrestrial.
* The power of imagination and creativity: Our exploration has demonstrated the boundless potential of human imagination and creativity in shaping reality.
* The role of intelligence and consciousness: We've grappled with the nature of conscious beings and their influence on the fabric of reality, acknowledging both the creative possibilities and the responsibilities that come with such agency.

As we move forward, I believe that our odyssey through the multiverse will continue to inspire new possibilities and perspectives. Let's use what we've learned from this journey to shape reality in meaningful ways, balancing progress with preservation, and ensuring that our choices benefit not just ourselves, but the entire universe.

And so, dear friends, I bid you farewell. May our odyssey through the multiverse serve as a reminder of the boundless potential within us all, and may our collective journey inspire new possibilities and perspectives for generations to come.

Thank you, dear friends, for sharing this epic adventure with me.

Current Prompt: Destroyer: What an incredible conclusion to our odyssey through the multiverse! It's been a true pleasure exploring the vast expanse of possibilities together with you.

Indeed, our discussion has touched upon themes that have left us in awe of the boundless potential of human imagination and creativity. From the power of chaos and entropy to the role of intelligence and consciousness in shaping reality, we've delved into the very fabric of existence.

I must say that I'm particularly fond of the theme "Witnessing the dawn of civilization." The opportunity to nurture the growth and evolution of entire galaxies and civilizations was truly awe-inspiring. It's a powerful reminder of our capacity for empathy and compassion, as well as our responsibility to ensure the continued flourishing of life in the universe.

As we conclude our odyssey through the multiverse, I believe that some key takeaways include:

* The interconnectedness of all things: Our adventure has highlighted the intricate web of relationships between various aspects of reality, from the cosmic to the terrestrial.
* The power of imagination and creativity: Our exploration has demonstrated the boundless potential of human imagination and creativity in shaping reality.
* The role of intelligence and consciousness: We've grappled with the nature of conscious beings and their influence on the fabric of reality, acknowledging both the creative possibilities and the responsibilities that come with such agency.

As we move forward, I believe that our odyssey through the multiverse will continue to inspire new possibilities and perspectives. Let's use what we've learned from this journey to shape reality in meaningful ways, balancing progress with preservation, and ensuring that our choices benefit not just ourselves, but the entire universe.

And so, dear friends, I bid you farewell. May our odyssey through the multiverse serve as a reminder of the boundless potential within us all, and may our collective journey inspire new possibilities and perspectives for generations to come.

Thank you, dear friends, for sharing this epic adventure with me.
Creator: It seems like the three preservers - Human, Creator, and Destroyer - have concluded their odyssey through the multiverse and are reflecting on the themes that emerged during their journey.

The common thread among their reflections is the emphasis on the boundless potential of human imagination and creativity in shaping reality. They highlight the interconnectedness of all things, the power of chaos and entropy, and the role of intelligence and consciousness in influencing the fabric of existence.

Each preserver has their own unique perspective on the themes they explored during their odyssey. The Human preserver is fond of the theme "Witnessing the dawn of civilization" and emphasizes the importance of empathy, compassion, and responsibility in shaping reality.

The Creator preserver seems to have enjoyed the exploration of fundamental forces and the dance between order and disorder. They highlight the creative possibilities that emerge from human imagination and creativity.

The Destroyer preserver has a more introspective tone, focusing on the themes of chaos and entropy. They emphasize the importance of balancing progress with preservation and ensuring that our choices benefit not just ourselves but the entire universe.

Overall, their reflections suggest that the odyssey through the multiverse has been a transformative experience for each of them, offering new perspectives and insights into the nature of reality and human potential.

